2018-03-04 19:41:45 [main] INFO  GoogleSearchResultsPage:24 - Search Result Link - Moores Cycles
2018-03-04 19:41:45 [main] INFO  GoogleSearchResultsPage:24 - Search Result Link - Bicycle Range | Moore's Cycles
2018-03-04 19:41:45 [main] INFO  GoogleSearchResultsPage:24 - Search Result Link - Used Bicycles for sale in Isleworth, London - Gumtree
2018-03-04 19:41:45 [main] INFO  GoogleSearchResultsPage:24 - Search Result Link - Imperial Cycles workshop - About us
2018-03-04 19:41:45 [main] INFO  GoogleSearchResultsPage:24 - Search Result Link - Imperial Cycles workshop - Contact us
2018-03-04 19:41:45 [main] INFO  GoogleSearchResultsPage:24 - Search Result Link - Giant Twickenham - Official Giant Store Website - bike shop Twickenham
2018-03-04 19:41:45 [main] INFO  GoogleSearchResultsPage:24 - Search Result Link - Second Hand Bicycles For Sale in Isleworth | Buy Used Pushbikes ...
2018-03-04 19:41:45 [main] INFO  GoogleSearchResultsPage:24 - Search Result Link - Crown Cycles - bike shop Twickenham
2018-03-04 19:41:45 [main] INFO  GoogleSearchResultsPage:24 - Search Result Link - Halfords Twickenham Superstore (993) Store
2018-03-04 19:41:45 [main] INFO  GoogleSearchResultsPage:24 - Search Result Link - Brentford | Bike Shop | Evans Cycles
2018-03-04 20:19:05 [main] INFO  GoogleSearchResultsPage:25 - Search Result Link - Moores Cycles
2018-03-04 20:19:05 [main] INFO  GoogleSearchResultsPage:25 - Search Result Link - Bicycle Range | Moore's Cycles
2018-03-04 20:19:05 [main] INFO  GoogleSearchResultsPage:25 - Search Result Link - Used Bicycles for sale in Isleworth, London - Gumtree
2018-03-04 20:19:05 [main] INFO  GoogleSearchResultsPage:25 - Search Result Link - Imperial Cycles workshop - About us
2018-03-04 20:19:05 [main] INFO  GoogleSearchResultsPage:25 - Search Result Link - Imperial Cycles workshop - Contact us
2018-03-04 20:19:05 [main] INFO  GoogleSearchResultsPage:25 - Search Result Link - Giant Twickenham - Official Giant Store Website - bike shop Twickenham
2018-03-04 20:19:05 [main] INFO  GoogleSearchResultsPage:25 - Search Result Link - Second Hand Bicycles For Sale in Isleworth | Buy Used Pushbikes ...
2018-03-04 20:19:05 [main] INFO  GoogleSearchResultsPage:25 - Search Result Link - Crown Cycles - bike shop Twickenham
2018-03-04 20:19:05 [main] INFO  GoogleSearchResultsPage:25 - Search Result Link - Brentford | Bike Shop | Evans Cycles
2018-03-04 20:19:05 [main] INFO  GoogleSearchResultsPage:25 - Search Result Link - Halfords Twickenham Superstore (993) Store
2018-03-04 20:19:05 [main] INFO  GumTreeStepDefs:22 - 
 Actual gumtree links count on google results page - 1
2018-03-04 20:19:13 [main] INFO  GumTreeResultsPage:42 - GUMTREE Title: Used Bicycles for sale in Isleworth, London - Gumtree
2018-03-04 20:20:23 [main] INFO  GoogleSearchResultsPage:25 - Search Result Link - Buy or Sell New, Used and Salvaged Cars & Trucks in London | Cars ...
2018-03-04 20:20:23 [main] INFO  GoogleSearchResultsPage:25 - Search Result Link - Find Great Deals on Used and New Cars & Vehicles in London | Kijiji ...
2018-03-04 20:20:23 [main] INFO  GoogleSearchResultsPage:25 - Search Result Link - New & Used Cars for sale in London | autoTRADER.ca
2018-03-04 20:20:23 [main] INFO  GoogleSearchResultsPage:25 - Search Result Link - Used Cars London | Carpages.ca
2018-03-04 20:20:23 [main] INFO  GoogleSearchResultsPage:25 - Search Result Link - New and Used Cars For Sale London | AutoCatch
2018-03-04 20:20:23 [main] INFO  GoogleSearchResultsPage:25 - Search Result Link - That Car Place London Ontario | Used Car Dealership & Financing ...
2018-03-04 20:20:23 [main] INFO  GoogleSearchResultsPage:25 - Search Result Link - Used cars for sale in London - Second hand vehicles in London ...
2018-03-04 20:20:23 [main] INFO  GoogleSearchResultsPage:25 - Search Result Link - london, ON cars & trucks - craigslist
2018-03-04 20:20:23 [main] INFO  GoogleSearchResultsPage:25 - Search Result Link - Used Cars, SUVs, Trucks for Sale in London | London Honda
2018-03-04 20:20:23 [main] INFO  GoogleSearchResultsPage:25 - Search Result Link - Used cars London Ontario | Wharncliffe Auto Group
2018-03-04 20:20:23 [main] INFO  GoogleSearchResultsPage:32 - 0 Gumtree results
2018-03-04 20:20:23 [main] INFO  GumTreeStepDefs:22 - 
 Actual gumtree links count on google results page - 0
2018-03-04 20:30:02 [main] INFO  GoogleSearchResultsPage:25 - Search Result Link - Used Cars for sale in London - Gumtree
2018-03-04 20:30:02 [main] INFO  GoogleSearchResultsPage:25 - Search Result Link - Used Cars for sale in London | Page 2/50 - Gumtree
2018-03-04 20:30:02 [main] INFO  GoogleSearchResultsPage:25 - Search Result Link - Cheap cars in London | Cars for Sale - Gumtree
2018-03-04 20:30:02 [main] INFO  GoogleSearchResultsPage:25 - Search Result Link - Used cars for sale in London on Auto Trader UK
2018-03-04 20:30:02 [main] INFO  GoogleSearchResultsPage:25 - Search Result Link - Used Cars for Sale in West London | Motors.co.uk
2018-03-04 20:30:02 [main] INFO  GoogleSearchResultsPage:25 - Search Result Link - Used Cars for sale | Second hand cars for sale | AA Cars
2018-03-04 20:30:02 [main] INFO  GoogleSearchResultsPage:25 - Search Result Link - Used Cars In London At exchangeandmart.co.uk
2018-03-04 20:30:02 [main] INFO  GoogleSearchResultsPage:25 - Search Result Link - Cargiant - London's Largest Used Car Dealership
2018-03-04 20:30:02 [main] INFO  GoogleSearchResultsPage:25 - Search Result Link - Used Cars for Sale in London | RAC Cars
2018-03-04 20:30:02 [main] INFO  GumTreeStepDefs:22 - 
 Actual gumtree links count on google results page - 3
2018-03-04 20:30:07 [main] INFO  GumTreeResultsPage:42 - GUMTREE Title: Used Cars for sale in London - Gumtree
2018-03-04 20:30:11 [main] INFO  GumTreeResultsPage:42 - GUMTREE Title: Used Cars for sale in London | Page 2/50 - Gumtree
2018-03-04 20:30:14 [main] INFO  GumTreeResultsPage:42 - GUMTREE Title: Cheap cars in London | Cars for Sale - Gumtree
